
> backend@1.0.0 dev
> cross-env NODE_ENV=development nodemon server.js

[33m[nodemon] 3.1.14[39m
[33m[nodemon] to restart at any time, enter `rs`[39m
[33m[nodemon] watching path(s): *.*[39m
[33m[nodemon] watching extensions: js,mjs,cjs,json[39m
[32m[nodemon] starting `node server.js`[39m
◇ injected env (2) from .env.development // tip: ⌘ custom filepath { path: '/custom/path/.env' }
Server is running on port 5000
[32m[nodemon] restarting due to changes...[39m
[32m[nodemon] restarting due to changes...[39m
[32m[nodemon] starting `node server.js`[39m
[32m[nodemon] restarting due to changes...[39m
[32m[nodemon] starting `node server.js`[39m
◇ injected env (2) from .env.development // tip: ⌘ custom filepath { path: '/custom/path/.env' }
Server is running on port 5000
[32m[nodemon] clean exit - waiting for changes before restart[39m
[32m[nodemon] restarting due to changes...[39m
[32m[nodemon] starting `node server.js`[39m
[32m[nodemon] restarting due to changes...[39m
[32m[nodemon] starting `node server.js`[39m
◇ injected env (2) from .env.development // tip: ◈ encrypted .env [www.dotenvx.com]
Server is running on port 5000
[32m[nodemon] clean exit - waiting for changes before restart[39m
[32m[nodemon] restarting due to changes...[39m
[32m[nodemon] starting `node server.js`[39m
[32m[nodemon] restarting due to changes...[39m
[32m[nodemon] starting `node server.js`[39m
◇ injected env (2) from .env.development // tip: ◈ encrypted .env [www.dotenvx.com]
Server is running on port 5000
[32m[nodemon] restarting due to changes...[39m
[32m[nodemon] starting `node server.js`[39m
◇ injected env (2) from .env.development // tip: ◈ secrets for agents [www.dotenvx.com]
Server is running on port 5000
[32m[nodemon] clean exit - waiting for changes before restart[39m
[32m[nodemon] restarting due to changes...[39m
[32m[nodemon] starting `node server.js`[39m
◇ injected env (2) from .env.development // tip: ⌘ custom filepath { path: '/custom/path/.env' }
Server is running on port 5000
